# JRE version: Java(TM) SE Runtime Environment (8.0_51-b16) (build 1.8.0_51-b16)
# Java VM: Java HotSpot(TM) 64-Bit Server VM (25.51-b03 mixed mode windows-amd64 compressed oops)
Heap:
 PSYoungGen      total 93184K, used 36706K [0x00000000eab00000, 0x00000000f1300000, 0x0000000100000000)
  eden space 82944K, 32% used [0x00000000eab00000,0x00000000ec5a18e0,0x00000000efc00000)
  from space 10240K, 92% used [0x00000000f0700000,0x00000000f1037198,0x00000000f1100000)
  to   space 11264K, 0% used [0x00000000efc00000,0x00000000efc00000,0x00000000f0700000)
 ParOldGen       total 54784K, used 17789K [0x00000000c0000000, 0x00000000c3580000, 0x00000000eab00000)
  object space 54784K, 32% used [0x00000000c0000000,0x00000000c115f5b8,0x00000000c3580000)
 Metaspace       used 6384K, capacity 7192K, committed 7424K, reserved 1056768K
  class space    used 614K, capacity 656K, committed 768K, reserved 1048576K
GC Heap History (10 events):
Event: 6.104 GC heap before
{Heap before GC invocations=2 (full 0):
 PSYoungGen      total 24064K, used 24058K [0x00000000eab00000, 0x00000000ec580000, 0x0000000100000000)
  eden space 20992K, 100% used [0x00000000eab00000,0x00000000ebf80000,0x00000000ebf80000)
  from space 3072K, 99% used [0x00000000ebf80000,0x00000000ec27eab8,0x00000000ec280000)
  to   space 3072K, 0% used [0x00000000ec280000,0x00000000ec280000,0x00000000ec580000)
 ParOldGen       total 54784K, used 1343K [0x00000000c0000000, 0x00000000c3580000, 0x00000000eab00000)
  object space 54784K, 2% used [0x00000000c0000000,0x00000000c014fe98,0x00000000c3580000)
 Metaspace       used 6117K, capacity 7024K, committed 7296K, reserved 1056768K
  class space    used 592K, capacity 616K, committed 640K, reserved 1048576K
Event: 6.117 GC heap after
Heap after GC invocations=2 (full 0):
 PSYoungGen      total 24064K, used 3042K [0x00000000eab00000, 0x00000000ec580000, 0x0000000100000000)
  eden space 20992K, 0% used [0x00000000eab00000,0x00000000eab00000,0x00000000ebf80000)
  from space 3072K, 99% used [0x00000000ec280000,0x00000000ec578ba8,0x00000000ec580000)
  to   space 3072K, 0% used [0x00000000ebf80000,0x00000000ebf80000,0x00000000ec280000)
 ParOldGen       total 54784K, used 4041K [0x00000000c0000000, 0x00000000c3580000, 0x00000000eab00000)
  object space 54784K, 7% used [0x00000000c0000000,0x00000000c03f2608,0x00000000c3580000)
 Metaspace       used 6117K, capacity 7024K, committed 7296K, reserved 1056768K
  class space    used 592K, capacity 616K, committed 640K, reserved 1048576K
}
Event: 6.477 GC heap before
{Heap before GC invocations=3 (full 0):
 PSYoungGen      total 24064K, used 24034K [0x00000000eab00000, 0x00000000ec580000, 0x0000000100000000)
  eden space 20992K, 100% used [0x00000000eab00000,0x00000000ebf80000,0x00000000ebf80000)
  from space 3072K, 99% used [0x00000000ec280000,0x00000000ec578ba8,0x00000000ec580000)
  to   space 3072K, 0% used [0x00000000ebf80000,0x00000000ebf80000,0x00000000ec280000)
 ParOldGen       total 54784K, used 4041K [0x00000000c0000000, 0x00000000c3580000, 0x00000000eab00000)
  object space 54784K, 7% used [0x00000000c0000000,0x00000000c03f2608,0x00000000c3580000)
 Metaspace       used 6198K, capacity 7088K, committed 7296K, reserved 1056768K
  class space    used 593K, capacity 616K, committed 640K, reserved 1048576K
Event: 6.503 GC heap after
Heap after GC invocations=3 (full 0):
 PSYoungGen      total 24064K, used 3060K [0x00000000eab00000, 0x00000000eda00000, 0x0000000100000000)
  eden space 20992K, 0% used [0x00000000eab00000,0x00000000eab00000,0x00000000ebf80000)
  from space 3072K, 99% used [0x00000000ebf80000,0x00000000ec27d078,0x00000000ec280000)
  to   space 3072K, 0% used [0x00000000ed700000,0x00000000ed700000,0x00000000eda00000)
 ParOldGen       total 54784K, used 7582K [0x00000000c0000000, 0x00000000c3580000, 0x00000000eab00000)
  object space 54784K, 13% used [0x00000000c0000000,0x00000000c0767b58,0x00000000c3580000)
 Metaspace       used 6198K, capacity 7088K, committed 7296K, reserved 1056768K
  class space    used 593K, capacity 616K, committed 640K, reserved 1048576K
}
Event: 6.936 GC heap before
{Heap before GC invocations=4 (full 0):
 PSYoungGen      total 24064K, used 24052K [0x00000000eab00000, 0x00000000eda00000, 0x0000000100000000)
  eden space 20992K, 100% used [0x00000000eab00000,0x00000000ebf80000,0x00000000ebf80000)
  from space 3072K, 99% used [0x00000000ebf80000,0x00000000ec27d078,0x00000000ec280000)
  to   space 3072K, 0% used [0x00000000ed700000,0x00000000ed700000,0x00000000eda00000)
 ParOldGen       total 54784K, used 7582K [0x00000000c0000000, 0x00000000c3580000, 0x00000000eab00000)
  object space 54784K, 13% used [0x00000000c0000000,0x00000000c0767b58,0x00000000c3580000)
 Metaspace       used 6310K, capacity 7128K, committed 7424K, reserved 1056768K
  class space    used 613K, capacity 656K, committed 768K, reserved 1048576K
Event: 6.970 GC heap after
Heap after GC invocations=4 (full 0):
 PSYoungGen      total 45056K, used 3058K [0x00000000eab00000, 0x00000000eda00000, 0x0000000100000000)
  eden space 41984K, 0% used [0x00000000eab00000,0x00000000eab00000,0x00000000ed400000)
  from space 3072K, 99% used [0x00000000ed700000,0x00000000ed9fc848,0x00000000eda00000)
  to   space 3072K, 0% used [0x00000000ed400000,0x00000000ed400000,0x00000000ed700000)
 ParOldGen       total 54784K, used 10921K [0x00000000c0000000, 0x00000000c3580000, 0x00000000eab00000)
  object space 54784K, 19% used [0x00000000c0000000,0x00000000c0aaa720,0x00000000c3580000)
 Metaspace       used 6310K, capacity 7128K, committed 7424K, reserved 1056768K
  class space    used 613K, capacity 656K, committed 768K, reserved 1048576K
}
Event: 7.673 GC heap before
{Heap before GC invocations=5 (full 0):
 PSYoungGen      total 45056K, used 45042K [0x00000000eab00000, 0x00000000eda00000, 0x0000000100000000)
  eden space 41984K, 100% used [0x00000000eab00000,0x00000000ed400000,0x00000000ed400000)
  from space 3072K, 99% used [0x00000000ed700000,0x00000000ed9fc848,0x00000000eda00000)
  to   space 3072K, 0% used [0x00000000ed400000,0x00000000ed400000,0x00000000ed700000)
 ParOldGen       total 54784K, used 10921K [0x00000000c0000000, 0x00000000c3580000, 0x00000000eab00000)
  object space 54784K, 19% used [0x00000000c0000000,0x00000000c0aaa720,0x00000000c3580000)
 Metaspace       used 6358K, capacity 7192K, committed 7424K, reserved 1056768K
  class space    used 614K, capacity 656K, committed 768K, reserved 1048576K
Event: 7.697 GC heap after
Heap after GC invocations=5 (full 0):
 PSYoungGen      total 45056K, used 3054K [0x00000000eab00000, 0x00000000f1100000, 0x0000000100000000)
  eden space 41984K, 0% used [0x00000000eab00000,0x00000000eab00000,0x00000000ed400000)
  from space 3072K, 99% used [0x00000000ed400000,0x00000000ed6fbaf8,0x00000000ed700000)
  to   space 10240K, 0% used [0x00000000f0700000,0x00000000f0700000,0x00000000f1100000)
 ParOldGen       total 54784K, used 17789K [0x00000000c0000000, 0x00000000c3580000, 0x00000000eab00000)
  object space 54784K, 32% used [0x00000000c0000000,0x00000000c115f5b8,0x00000000c3580000)
 Metaspace       used 6358K, capacity 7192K, committed 7424K, reserved 1056768K
  class space    used 614K, capacity 656K, committed 768K, reserved 1048576K
}
Event: 7.994 GC heap before
{Heap before GC invocations=6 (full 0):
 PSYoungGen      total 45056K, used 45038K [0x00000000eab00000, 0x00000000f1100000, 0x0000000100000000)
  eden space 41984K, 100% used [0x00000000eab00000,0x00000000ed400000,0x00000000ed400000)
  from space 3072K, 99% used [0x00000000ed400000,0x00000000ed6fbaf8,0x00000000ed700000)
  to   space 10240K, 0% used [0x00000000f0700000,0x00000000f0700000,0x00000000f1100000)
 ParOldGen       total 54784K, used 17789K [0x00000000c0000000, 0x00000000c3580000, 0x00000000eab00000)
  object space 54784K, 32% used [0x00000000c0000000,0x00000000c115f5b8,0x00000000c3580000)
 Metaspace       used 6378K, capacity 7192K, committed 7424K, reserved 1056768K
  class space    used 614K, capacity 656K, committed 768K, reserved 1048576K
Event: 8.056 GC heap after
Heap after GC invocations=6 (full 0):
 PSYoungGen      total 93184K, used 9436K [0x00000000eab00000, 0x00000000f1300000, 0x0000000100000000)
  eden space 82944K, 0% used [0x00000000eab00000,0x00000000eab00000,0x00000000efc00000)
  from space 10240K, 92% used [0x00000000f0700000,0x00000000f1037198,0x00000000f1100000)
  to   space 11264K, 0% used [0x00000000efc00000,0x00000000efc00000,0x00000000f0700000)
 ParOldGen       total 54784K, used 17789K [0x00000000c0000000, 0x00000000c3580000, 0x00000000eab00000)
  object space 54784K, 32% used [0x00000000c0000000,0x00000000c115f5b8,0x00000000c3580000)
 Metaspace       used 6378K, capacity 7192K, committed 7424K, reserved 1056768K
  class space    used 614K, capacity 656K, committed 768K, reserved 1048576K
}

